  Project.cpp
C:\Users\Ivan\Desktop\The Project\Project.cpp(22,24): warning C4244: 'argument': conversion from 'int' to 'T', possible loss of data
          with
          [
              T=float
          ]
C:\Users\Ivan\Desktop\The Project\Project.cpp(30,27): warning C4244: 'argument': conversion from 'int' to 'T', possible loss of data
          with
          [
              T=float
          ]
C:\Users\Ivan\Desktop\The Project\Project.cpp(50,31): warning C4244: 'argument': conversion from 'int' to 'T', possible loss of data
          with
          [
              T=float
          ]
C:\Users\Ivan\Desktop\The Project\Project.cpp(50,19): warning C4244: 'argument': conversion from 'int' to 'T', possible loss of data
          with
          [
              T=float
          ]
C:\Users\Ivan\Desktop\The Project\Project.cpp(127,9): warning C4244: 'initializing': conversion from 'double' to 'int', possible loss of data
C:\Users\Ivan\Desktop\The Project\Project.cpp(128,9): warning C4244: 'initializing': conversion from 'double' to 'int', possible loss of data
  The Project.vcxproj -> C:\Users\Ivan\Desktop\The Project\x64\Debug\The Project.exe
